<?xml version="1.0" encoding="UTF-8"?>
<coverage generated="1726318925373" clover="3.2.0">
  <project timestamp="1726318925373" name="All files">
    <metrics statements="4" coveredstatements="3" conditionals="0" coveredconditionals="0" methods="2" coveredmethods="1" elements="6" coveredelements="4" complexity="0" loc="4" ncloc="4" packages="1" files="2" classes="2"/>
    <file name="Contact.js" path="C:\Users\osash\OneDrive\Documents\Desktop\Namasthe react\src\components\Contact.js">
      <metrics statements="2" coveredstatements="1" conditionals="0" coveredconditionals="0" methods="1" coveredmethods="0"/>
      <line num="1" count="1" type="stmt"/>
      <line num="2" count="0" type="stmt"/>
    </file>
    <file name="sum.js" path="C:\Users\osash\OneDrive\Documents\Desktop\Namasthe react\src\components\sum.js">
      <metrics statements="2" coveredstatements="2" conditionals="0" coveredconditionals="0" methods="1" coveredmethods="1"/>
      <line num="1" count="1" type="stmt"/>
      <line num="2" count="1" type="stmt"/>
    </file>
  </project>
</coverage>
