{"C:\\Users\\osash\\OneDrive\\Documents\\Desktop\\Namasthe react\\src\\components\\Contact.js": {"path":"C:\\Users\\osash\\OneDrive\\Documents\\Desktop\\Namasthe react\\src\\components\\Contact.js","statementMap":{"0":{"start":{"line":1,"column":15},"end":{"line":18,"column":1}},"1":{"start":{"line":2,"column":4},"end":{"line":17,"column":6}}},"fnMap":{"0":{"name":"(anonymous_0)","decl":{"start":{"line":1,"column":15},"end":{"line":1,"column":16}},"loc":{"start":{"line":1,"column":19},"end":{"line":18,"column":1}},"line":1}},"branchMap":{},"s":{"0":1,"1":0},"f":{"0":0},"b":{},"_coverageSchema":"1a1c01bbd47fc00a2c39e90264f33305004495a9","hash":"faac3ae7eefb515da2f5391163d26455a7ad7d69"}
,"C:\\Users\\osash\\OneDrive\\Documents\\Desktop\\Namasthe react\\src\\components\\sum.js": {"path":"C:\\Users\\osash\\OneDrive\\Documents\\Desktop\\Namasthe react\\src\\components\\sum.js","statementMap":{"0":{"start":{"line":1,"column":19},"end":{"line":3,"column":1}},"1":{"start":{"line":2,"column":4},"end":{"line":2,"column":17}}},"fnMap":{"0":{"name":"(anonymous_0)","decl":{"start":{"line":1,"column":19},"end":{"line":1,"column":20}},"loc":{"start":{"line":1,"column":28},"end":{"line":3,"column":1}},"line":1}},"branchMap":{},"s":{"0":1,"1":1},"f":{"0":1},"b":{},"_coverageSchema":"1a1c01bbd47fc00a2c39e90264f33305004495a9","hash":"524ad1bc178eaf1020687be889651496c674dfd6"}
}
